<?xml version="1.0" encoding="UTF-8"?>
<!-- Generated by org.testng.reporters.JUnitReportReporter -->
<testsuite hostname="Nandinis-MBP.broadband" failures="0" tests="9" name="api.tests.DataDrivenTest" time="6.705" errors="0" timestamp="2024-12-16T21:00:58 GMT" skipped="0">
  <testcase classname="api.tests.DataDrivenTest" name="testmultiplePOSTuser" time="0.688"/>
  <system-out/>
  <testcase classname="api.tests.DataDrivenTest" name="testmultiplePOSTuser" time="0.506"/>
  <system-out/>
  <testcase classname="api.tests.DataDrivenTest" name="testmultiplePOSTuser" time="2.025"/>
  <system-out/>
  <testcase classname="api.tests.DataDrivenTest" name="testgetUser" time="0.483"/>
  <system-out/>
  <testcase classname="api.tests.DataDrivenTest" name="testgetUser" time="1.056"/>
  <system-out/>
  <testcase classname="api.tests.DataDrivenTest" name="testgetUser" time="0.484"/>
  <system-out/>
  <testcase classname="api.tests.DataDrivenTest" name="testDeleteUser" time="0.496"/>
  <system-out/>
  <testcase classname="api.tests.DataDrivenTest" name="testDeleteUser" time="0.471"/>
  <system-out/>
  <testcase classname="api.tests.DataDrivenTest" name="testDeleteUser" time="0.496"/>
  <system-out/>
</testsuite> <!-- api.tests.DataDrivenTest -->
