<?xml version="1.0" encoding="UTF-8"?>
<!-- Generated by org.testng.reporters.JUnitReportReporter -->
<testsuite hostname="Nandinis-MBP.broadband" failures="0" tests="4" name="api.tests.UserTests" time="3.619" errors="0" timestamp="2024-12-17T17:04:42 GMT" skipped="0">
  <testcase classname="api.tests.UserTests" name="testPostUser" time="1.998"/>
  <system-out/>
  <testcase classname="api.tests.UserTests" name="testGetUser" time="0.621"/>
  <system-out/>
  <testcase classname="api.tests.UserTests" name="testUpdateUser" time="0.489"/>
  <system-out/>
  <testcase classname="api.tests.UserTests" name="testDeleteUser" time="0.511"/>
  <system-out/>
</testsuite> <!-- api.tests.UserTests -->
