<?xml version="1.0" encoding="UTF-8"?>
<!-- Generated by org.testng.reporters.JUnitReportReporter -->
<testsuite hostname="Nandinis-MBP.broadband" failures="0" tests="4" name="api.tests.UserTests" time="3.767" errors="0" timestamp="2024-12-17T22:02:21 GMT" skipped="0">
  <testcase classname="api.tests.UserTests" name="testPostUser" time="2.322"/>
  <system-out/>
  <testcase classname="api.tests.UserTests" name="testGetUser" time="0.490"/>
  <system-out/>
  <testcase classname="api.tests.UserTests" name="testUpdateUser" time="0.485"/>
  <system-out/>
  <testcase classname="api.tests.UserTests" name="testDeleteUser" time="0.470"/>
  <system-out/>
</testsuite> <!-- api.tests.UserTests -->
